<?xml version="1.0" encoding="UTF-8"?>
<coverage generated="1615736266368" clover="3.2.0">
  <project timestamp="1615736266368" name="All files">
    <metrics statements="37" coveredstatements="37" conditionals="37" coveredconditionals="36" methods="12" coveredmethods="12" elements="86" coveredelements="85" complexity="0" loc="37" ncloc="37" packages="1" files="1" classes="1"/>
    <file name="gilded_rose.js" path="C:\SWE6733\Assignment2\src\gilded_rose.js">
      <metrics statements="37" coveredstatements="37" conditionals="37" coveredconditionals="36" methods="12" coveredmethods="12"/>
      <line num="3" count="18" type="stmt"/>
      <line num="4" count="18" type="stmt"/>
      <line num="5" count="18" type="stmt"/>
      <line num="11" count="18" type="stmt"/>
      <line num="14" count="18" type="stmt"/>
      <line num="15" count="18" type="stmt"/>
      <line num="16" count="18" type="stmt"/>
      <line num="17" count="18" type="stmt"/>
      <line num="20" count="18" type="stmt"/>
      <line num="24" count="18" type="cond" truecount="4" falsecount="0"/>
      <line num="25" count="8" type="cond" truecount="4" falsecount="0"/>
      <line num="26" count="5" type="stmt"/>
      <line num="27" count="5" type="cond" truecount="2" falsecount="0"/>
      <line num="28" count="1" type="stmt"/>
      <line num="32" count="10" type="stmt"/>
      <line num="37" count="10" type="cond" truecount="2" falsecount="0"/>
      <line num="38" count="9" type="stmt"/>
      <line num="40" count="9" type="stmt"/>
      <line num="41" count="9" type="stmt"/>
      <line num="46" count="9" type="cond" truecount="5" falsecount="0"/>
      <line num="47" count="4" type="stmt"/>
      <line num="52" count="9" type="cond" truecount="5" falsecount="0"/>
      <line num="53" count="2" type="stmt"/>
      <line num="58" count="18" type="cond" truecount="2" falsecount="0"/>
      <line num="59" count="16" type="stmt"/>
      <line num="64" count="18" type="cond" truecount="2" falsecount="0"/>
      <line num="65" count="7" type="stmt"/>
      <line num="70" count="7" type="cond" truecount="2" falsecount="0"/>
      <line num="71" count="5" type="cond" truecount="2" falsecount="0"/>
      <line num="72" count="4" type="stmt"/>
      <line num="74" count="1" type="stmt"/>
      <line num="77" count="2" type="stmt"/>
      <line num="82" count="4" type="cond" truecount="4" falsecount="0"/>
      <line num="83" count="2" type="stmt"/>
      <line num="88" count="2" type="cond" truecount="2" falsecount="0"/>
      <line num="89" count="1" type="stmt"/>
      <line num="94" count="1" type="stmt"/>
    </file>
  </project>
</coverage>
