<?xml version="1.0" encoding="UTF-8"?>
<coverage generated="1614992533840" clover="3.2.0">
  <project timestamp="1614992533840" name="All files">
    <metrics statements="28" coveredstatements="28" conditionals="35" coveredconditionals="32" methods="5" coveredmethods="5" elements="68" coveredelements="65" complexity="0" loc="28" ncloc="28" packages="1" files="1" classes="1"/>
    <file name="gilded_rose.js" path="C:\Users\kenda_000\Desktop\GildedRose-Refactoring-Kata-master\GildedRose-Refactoring-Kata-master\js-jest\src\gilded_rose.js">
      <metrics statements="28" coveredstatements="28" conditionals="35" coveredconditionals="32" methods="5" coveredmethods="5"/>
      <line num="3" count="11" type="stmt"/>
      <line num="4" count="11" type="stmt"/>
      <line num="5" count="11" type="stmt"/>
      <line num="11" count="11" type="stmt"/>
      <line num="14" count="11" type="stmt"/>
      <line num="15" count="11" type="cond" truecount="4" falsecount="0"/>
      <line num="16" count="5" type="cond" truecount="4" falsecount="0"/>
      <line num="17" count="3" type="stmt"/>
      <line num="20" count="6" type="cond" truecount="2" falsecount="0"/>
      <line num="21" count="5" type="stmt"/>
      <line num="23" count="5" type="cond" truecount="5" falsecount="0"/>
      <line num="24" count="3" type="stmt"/>
      <line num="26" count="5" type="cond" truecount="5" falsecount="0"/>
      <line num="27" count="2" type="stmt"/>
      <line num="31" count="11" type="stmt"/>
      <line num="32" count="11" type="stmt"/>
      <line num="35" count="11" type="stmt"/>
      <line num="39" count="11" type="cond" truecount="2" falsecount="0"/>
      <line num="40" count="10" type="stmt"/>
      <line num="45" count="11" type="cond" truecount="2" falsecount="0"/>
      <line num="46" count="4" type="cond" truecount="2" falsecount="0"/>
      <line num="47" count="3" type="cond" truecount="2" falsecount="0"/>
      <line num="48" count="2" type="cond" truecount="3" falsecount="1"/>
      <line num="49" count="2" type="stmt"/>
      <line num="52" count="1" type="stmt"/>
      <line num="55" count="1" type="cond" truecount="1" falsecount="1"/>
      <line num="56" count="1" type="stmt"/>
      <line num="63" count="1" type="stmt"/>
    </file>
  </project>
</coverage>
