{"C:\\Users\\kenda_000\\Desktop\\GildedRose-Refactoring-Kata-master\\GildedRose-Refactoring-Kata-master\\js-jest\\src\\gilded_rose.js": {"path":"C:\\Users\\kenda_000\\Desktop\\GildedRose-Refactoring-Kata-master\\GildedRose-Refactoring-Kata-master\\js-jest\\src\\gilded_rose.js","statementMap":{"0":{"start":{"line":3,"column":4},"end":{"line":3,"column":21}},"1":{"start":{"line":4,"column":4},"end":{"line":4,"column":25}},"2":{"start":{"line":5,"column":4},"end":{"line":5,"column":27}},"3":{"start":{"line":11,"column":4},"end":{"line":11,"column":23}},"4":{"start":{"line":14,"column":4},"end":{"line":33,"column":5}},"5":{"start":{"line":14,"column":17},"end":{"line":14,"column":18}},"6":{"start":{"line":15,"column":6},"end":{"line":30,"column":7}},"7":{"start":{"line":16,"column":8},"end":{"line":18,"column":9}},"8":{"start":{"line":17,"column":12},"end":{"line":17,"column":39}},"9":{"start":{"line":20,"column":8},"end":{"line":29,"column":11}},"10":{"start":{"line":21,"column":10},"end":{"line":21,"column":37}},"11":{"start":{"line":23,"column":12},"end":{"line":25,"column":13}},"12":{"start":{"line":24,"column":16},"end":{"line":24,"column":43}},"13":{"start":{"line":26,"column":12},"end":{"line":28,"column":13}},"14":{"start":{"line":27,"column":16},"end":{"line":27,"column":43}},"15":{"start":{"line":31,"column":6},"end":{"line":31,"column":21}},"16":{"start":{"line":32,"column":6},"end":{"line":32,"column":29}},"17":{"start":{"line":35,"column":4},"end":{"line":35,"column":22}},"18":{"start":{"line":39,"column":4},"end":{"line":41,"column":5}},"19":{"start":{"line":40,"column":6},"end":{"line":40,"column":32}},"20":{"start":{"line":45,"column":4},"end":{"line":59,"column":5}},"21":{"start":{"line":46,"column":6},"end":{"line":58,"column":7}},"22":{"start":{"line":47,"column":8},"end":{"line":53,"column":9}},"23":{"start":{"line":48,"column":10},"end":{"line":50,"column":11}},"24":{"start":{"line":49,"column":14},"end":{"line":49,"column":41}},"25":{"start":{"line":52,"column":10},"end":{"line":52,"column":36}},"26":{"start":{"line":55,"column":8},"end":{"line":57,"column":9}},"27":{"start":{"line":56,"column":10},"end":{"line":56,"column":36}},"28":{"start":{"line":63,"column":0},"end":{"line":66,"column":1}}},"fnMap":{"0":{"name":"(anonymous_0)","decl":{"start":{"line":2,"column":2},"end":{"line":2,"column":3}},"loc":{"start":{"line":2,"column":36},"end":{"line":6,"column":3}},"line":2},"1":{"name":"(anonymous_1)","decl":{"start":{"line":10,"column":2},"end":{"line":10,"column":3}},"loc":{"start":{"line":10,"column":23},"end":{"line":12,"column":3}},"line":10},"2":{"name":"(anonymous_2)","decl":{"start":{"line":13,"column":2},"end":{"line":13,"column":3}},"loc":{"start":{"line":13,"column":18},"end":{"line":36,"column":3}},"line":13},"3":{"name":"(anonymous_3)","decl":{"start":{"line":38,"column":2},"end":{"line":38,"column":3}},"loc":{"start":{"line":38,"column":12},"end":{"line":42,"column":3}},"line":38},"4":{"name":"(anonymous_4)","decl":{"start":{"line":44,"column":2},"end":{"line":44,"column":3}},"loc":{"start":{"line":44,"column":20},"end":{"line":60,"column":3}},"line":44}},"branchMap":{"0":{"loc":{"start":{"line":10,"column":14},"end":{"line":10,"column":22}},"type":"default-arg","locations":[{"start":{"line":10,"column":20},"end":{"line":10,"column":22}}],"line":10},"1":{"loc":{"start":{"line":15,"column":6},"end":{"line":30,"column":7}},"type":"if","locations":[{"start":{"line":15,"column":6},"end":{"line":30,"column":7}},{"start":{"line":15,"column":6},"end":{"line":30,"column":7}}],"line":15},"2":{"loc":{"start":{"line":15,"column":10},"end":{"line":15,"column":112}},"type":"binary-expr","locations":[{"start":{"line":15,"column":10},"end":{"line":15,"column":43}},{"start":{"line":15,"column":47},"end":{"line":15,"column":112}}],"line":15},"3":{"loc":{"start":{"line":16,"column":8},"end":{"line":18,"column":9}},"type":"if","locations":[{"start":{"line":16,"column":8},"end":{"line":18,"column":9}},{"start":{"line":16,"column":8},"end":{"line":18,"column":9}}],"line":16},"4":{"loc":{"start":{"line":16,"column":12},"end":{"line":16,"column":91}},"type":"binary-expr","locations":[{"start":{"line":16,"column":12},"end":{"line":16,"column":37}},{"start":{"line":16,"column":41},"end":{"line":16,"column":91}}],"line":16},"5":{"loc":{"start":{"line":20,"column":8},"end":{"line":29,"column":11}},"type":"if","locations":[{"start":{"line":20,"column":8},"end":{"line":29,"column":11}},{"start":{"line":20,"column":8},"end":{"line":29,"column":11}}],"line":20},"6":{"loc":{"start":{"line":23,"column":12},"end":{"line":25,"column":13}},"type":"if","locations":[{"start":{"line":23,"column":12},"end":{"line":25,"column":13}},{"start":{"line":23,"column":12},"end":{"line":25,"column":13}}],"line":23},"7":{"loc":{"start":{"line":23,"column":16},"end":{"line":23,"column":140}},"type":"binary-expr","locations":[{"start":{"line":23,"column":16},"end":{"line":23,"column":81}},{"start":{"line":23,"column":85},"end":{"line":23,"column":110}},{"start":{"line":23,"column":114},"end":{"line":23,"column":140}}],"line":23},"8":{"loc":{"start":{"line":26,"column":12},"end":{"line":28,"column":13}},"type":"if","locations":[{"start":{"line":26,"column":12},"end":{"line":28,"column":13}},{"start":{"line":26,"column":12},"end":{"line":28,"column":13}}],"line":26},"9":{"loc":{"start":{"line":26,"column":16},"end":{"line":26,"column":139}},"type":"binary-expr","locations":[{"start":{"line":26,"column":16},"end":{"line":26,"column":81}},{"start":{"line":26,"column":85},"end":{"line":26,"column":109}},{"start":{"line":26,"column":113},"end":{"line":26,"column":139}}],"line":26},"10":{"loc":{"start":{"line":39,"column":4},"end":{"line":41,"column":5}},"type":"if","locations":[{"start":{"line":39,"column":4},"end":{"line":41,"column":5}},{"start":{"line":39,"column":4},"end":{"line":41,"column":5}}],"line":39},"11":{"loc":{"start":{"line":45,"column":4},"end":{"line":59,"column":5}},"type":"if","locations":[{"start":{"line":45,"column":4},"end":{"line":59,"column":5}},{"start":{"line":45,"column":4},"end":{"line":59,"column":5}}],"line":45},"12":{"loc":{"start":{"line":46,"column":6},"end":{"line":58,"column":7}},"type":"if","locations":[{"start":{"line":46,"column":6},"end":{"line":58,"column":7}},{"start":{"line":46,"column":6},"end":{"line":58,"column":7}}],"line":46},"13":{"loc":{"start":{"line":47,"column":8},"end":{"line":53,"column":9}},"type":"if","locations":[{"start":{"line":47,"column":8},"end":{"line":53,"column":9}},{"start":{"line":47,"column":8},"end":{"line":53,"column":9}}],"line":47},"14":{"loc":{"start":{"line":48,"column":10},"end":{"line":50,"column":11}},"type":"if","locations":[{"start":{"line":48,"column":10},"end":{"line":50,"column":11}},{"start":{"line":48,"column":10},"end":{"line":50,"column":11}}],"line":48},"15":{"loc":{"start":{"line":48,"column":14},"end":{"line":48,"column":93}},"type":"binary-expr","locations":[{"start":{"line":48,"column":14},"end":{"line":48,"column":39}},{"start":{"line":48,"column":43},"end":{"line":48,"column":93}}],"line":48},"16":{"loc":{"start":{"line":55,"column":8},"end":{"line":57,"column":9}},"type":"if","locations":[{"start":{"line":55,"column":8},"end":{"line":57,"column":9}},{"start":{"line":55,"column":8},"end":{"line":57,"column":9}}],"line":55}},"s":{"0":11,"1":11,"2":11,"3":11,"4":11,"5":11,"6":11,"7":5,"8":3,"9":6,"10":5,"11":5,"12":3,"13":5,"14":2,"15":11,"16":11,"17":11,"18":11,"19":10,"20":11,"21":4,"22":3,"23":2,"24":2,"25":1,"26":1,"27":1,"28":1},"f":{"0":11,"1":11,"2":11,"3":11,"4":11},"b":{"0":[0],"1":[5,6],"2":[11,8],"3":[3,2],"4":[5,4],"5":[5,1],"6":[3,2],"7":[5,3,3],"8":[2,3],"9":[5,3,2],"10":[10,1],"11":[4,7],"12":[3,1],"13":[2,1],"14":[2,0],"15":[2,2],"16":[1,0]},"_coverageSchema":"43e27e138ebf9cfc5966b082cf9a028302ed4184","hash":"e10e964909763990bdc17b5e089c38604af9224c"}
}
