TN:
SF:C:\SWE6733\Assignment2\src\gilded_rose.js
FN:2,(anonymous_0)
FN:10,(anonymous_1)
FN:13,(anonymous_2)
FN:23,(anonymous_3)
FN:36,(anonymous_4)
FN:45,(anonymous_5)
FN:51,(anonymous_6)
FN:57,(anonymous_7)
FN:63,(anonymous_8)
FN:69,(anonymous_9)
FN:81,(anonymous_10)
FN:87,(anonymous_11)
FNF:12
FNH:12
FNDA:18,(anonymous_0)
FNDA:18,(anonymous_1)
FNDA:18,(anonymous_2)
FNDA:18,(anonymous_3)
FNDA:10,(anonymous_4)
FNDA:9,(anonymous_5)
FNDA:9,(anonymous_6)
FNDA:18,(anonymous_7)
FNDA:18,(anonymous_8)
FNDA:7,(anonymous_9)
FNDA:4,(anonymous_10)
FNDA:2,(anonymous_11)
DA:3,18
DA:4,18
DA:5,18
DA:11,18
DA:14,18
DA:15,18
DA:16,18
DA:17,18
DA:20,18
DA:24,18
DA:25,8
DA:26,5
DA:27,5
DA:28,1
DA:32,10
DA:37,10
DA:38,9
DA:40,9
DA:41,9
DA:46,9
DA:47,4
DA:52,9
DA:53,2
DA:58,18
DA:59,16
DA:64,18
DA:65,7
DA:70,7
DA:71,5
DA:72,4
DA:74,1
DA:77,2
DA:82,4
DA:83,2
DA:88,2
DA:89,1
DA:94,1
LF:37
LH:37
BRDA:10,0,0,0
BRDA:24,1,0,8
BRDA:24,1,1,10
BRDA:24,2,0,18
BRDA:24,2,1,14
BRDA:25,3,0,5
BRDA:25,3,1,3
BRDA:25,4,0,8
BRDA:25,4,1,7
BRDA:27,5,0,1
BRDA:27,5,1,4
BRDA:37,6,0,9
BRDA:37,6,1,1
BRDA:46,7,0,4
BRDA:46,7,1,5
BRDA:46,8,0,9
BRDA:46,8,1,6
BRDA:46,8,2,5
BRDA:52,9,0,2
BRDA:52,9,1,7
BRDA:52,10,0,9
BRDA:52,10,1,6
BRDA:52,10,2,3
BRDA:58,11,0,16
BRDA:58,11,1,2
BRDA:64,12,0,7
BRDA:64,12,1,11
BRDA:70,13,0,5
BRDA:70,13,1,2
BRDA:71,14,0,4
BRDA:71,14,1,1
BRDA:82,15,0,2
BRDA:82,15,1,2
BRDA:82,16,0,4
BRDA:82,16,1,3
BRDA:88,17,0,1
BRDA:88,17,1,1
BRF:37
BRH:36
end_of_record
