TN:
SF:C:\Users\kenda_000\Desktop\GildedRose-Refactoring-Kata-master\GildedRose-Refactoring-Kata-master\js-jest\src\gilded_rose.js
FN:2,(anonymous_0)
FN:10,(anonymous_1)
FN:13,(anonymous_2)
FN:38,(anonymous_3)
FN:44,(anonymous_4)
FNF:5
FNH:5
FNDA:11,(anonymous_0)
FNDA:11,(anonymous_1)
FNDA:11,(anonymous_2)
FNDA:11,(anonymous_3)
FNDA:11,(anonymous_4)
DA:3,11
DA:4,11
DA:5,11
DA:11,11
DA:14,11
DA:15,11
DA:16,5
DA:17,3
DA:20,6
DA:21,5
DA:23,5
DA:24,3
DA:26,5
DA:27,2
DA:31,11
DA:32,11
DA:35,11
DA:39,11
DA:40,10
DA:45,11
DA:46,4
DA:47,3
DA:48,2
DA:49,2
DA:52,1
DA:55,1
DA:56,1
DA:63,1
LF:28
LH:28
BRDA:10,0,0,0
BRDA:15,1,0,5
BRDA:15,1,1,6
BRDA:15,2,0,11
BRDA:15,2,1,8
BRDA:16,3,0,3
BRDA:16,3,1,2
BRDA:16,4,0,5
BRDA:16,4,1,4
BRDA:20,5,0,5
BRDA:20,5,1,1
BRDA:23,6,0,3
BRDA:23,6,1,2
BRDA:23,7,0,5
BRDA:23,7,1,3
BRDA:23,7,2,3
BRDA:26,8,0,2
BRDA:26,8,1,3
BRDA:26,9,0,5
BRDA:26,9,1,3
BRDA:26,9,2,2
BRDA:39,10,0,10
BRDA:39,10,1,1
BRDA:45,11,0,4
BRDA:45,11,1,7
BRDA:46,12,0,3
BRDA:46,12,1,1
BRDA:47,13,0,2
BRDA:47,13,1,1
BRDA:48,14,0,2
BRDA:48,14,1,0
BRDA:48,15,0,2
BRDA:48,15,1,2
BRDA:55,16,0,1
BRDA:55,16,1,0
BRF:35
BRH:32
end_of_record
